mode: set
github.com/pxsa/goravel/session/session.go:21.53,26.16 3 1
github.com/pxsa/goravel/session/session.go:31.2,31.48 1 1
github.com/pxsa/goravel/session/session.go:38.2,38.47 1 1
github.com/pxsa/goravel/session/session.go:45.2,54.40 8 1
github.com/pxsa/goravel/session/session.go:65.2,65.16 1 1
github.com/pxsa/goravel/session/session.go:26.16,28.3 1 0
github.com/pxsa/goravel/session/session.go:31.48,33.3 1 1
github.com/pxsa/goravel/session/session.go:33.8,35.3 1 0
github.com/pxsa/goravel/session/session.go:38.47,40.3 1 0
github.com/pxsa/goravel/session/session.go:40.8,42.3 1 1
github.com/pxsa/goravel/session/session.go:55.15,55.15 0 0
github.com/pxsa/goravel/session/session.go:57.26,57.26 0 0
github.com/pxsa/goravel/session/session.go:59.32,59.32 0 0
github.com/pxsa/goravel/session/session.go:61.10,61.10 0 1
github.com/pxsa/goravel/render/render.go:35.110,36.37 1 1
github.com/pxsa/goravel/render/render.go:44.2,44.52 1 1
github.com/pxsa/goravel/render/render.go:37.12,38.36 1 1
github.com/pxsa/goravel/render/render.go:39.13,40.47 1 1
github.com/pxsa/goravel/render/render.go:41.10,41.10 0 1
github.com/pxsa/goravel/render/render.go:48.102,50.16 2 1
github.com/pxsa/goravel/render/render.go:54.2,55.17 2 1
github.com/pxsa/goravel/render/render.go:59.2,60.16 2 1
github.com/pxsa/goravel/render/render.go:64.2,64.12 1 1
github.com/pxsa/goravel/render/render.go:50.16,52.3 1 1
github.com/pxsa/goravel/render/render.go:55.17,57.3 1 0
github.com/pxsa/goravel/render/render.go:60.16,62.3 1 0
github.com/pxsa/goravel/render/render.go:68.122,71.22 2 1
github.com/pxsa/goravel/render/render.go:77.2,78.17 2 1
github.com/pxsa/goravel/render/render.go:82.2,83.16 2 1
github.com/pxsa/goravel/render/render.go:88.2,88.46 1 1
github.com/pxsa/goravel/render/render.go:92.2,92.12 1 1
github.com/pxsa/goravel/render/render.go:71.22,73.3 1 1
github.com/pxsa/goravel/render/render.go:73.8,75.3 1 0
github.com/pxsa/goravel/render/render.go:78.17,80.3 1 0
github.com/pxsa/goravel/render/render.go:83.16,86.3 2 1
github.com/pxsa/goravel/render/render.go:88.46,91.3 2 0
